<?xml version="1.0" encoding="UTF-8"?>
<!-- Generated by org.testng.reporters.JUnitReportReporter -->
<testsuite hostname="DESKTOP-KD7B1SL" failures="0" tests="1" name="Agent_Scripts.testt" time="14.606" errors="0" timestamp="2022-10-21T16:40:29 IST" skipped="0">
  <testcase classname="Agent_Scripts.testt" name="tc7_Filter_Daily" time="14.606"/>
  <system-out/>
</testsuite> <!-- Agent_Scripts.testt -->
