<?xml version="1.0" encoding="UTF-8"?>
<!-- Generated by org.testng.reporters.JUnitReportReporter -->
<testsuite hostname="DESKTOP-KD7B1SL" failures="0" tests="12" name="Agent_Scripts.Agent_Analytics" time="131.292" errors="0" timestamp="2022-10-21T17:07:25 IST" skipped="0">
  <testcase classname="Agent_Scripts.Agent_Analytics" name="tc11_Filter_Cancel" time="11.837"/>
  <system-out/>
  <testcase classname="Agent_Scripts.Agent_Analytics" name="tc9_Filter_Monthly" time="12.610"/>
  <system-out/>
  <testcase classname="Agent_Scripts.Agent_Analytics" name="tc12_Filter_custom" time="11.877"/>
  <system-out/>
  <testcase classname="Agent_Scripts.Agent_Analytics" name="tc7_Filter_Daily" time="12.295"/>
  <system-out/>
  <testcase classname="Agent_Scripts.Agent_Analytics" name="tc2_Schedule_Video_Calls" time="9.921"/>
  <system-out/>
  <testcase classname="Agent_Scripts.Agent_Analytics" name="tc8_Filter_Weekly" time="12.258"/>
  <system-out/>
  <testcase classname="Agent_Scripts.Agent_Analytics" name="tc1_Analytics" time="9.004"/>
  <system-out/>
  <testcase classname="Agent_Scripts.Agent_Analytics" name="tc6_Analytics_Filter" time="11.680"/>
  <system-out/>
  <testcase classname="Agent_Scripts.Agent_Analytics" name="tc4_Rejected_calls" time="9.061"/>
  <system-out/>
  <testcase classname="Agent_Scripts.Agent_Analytics" name="tc10_Filter_Yearly" time="11.637"/>
  <system-out/>
  <testcase classname="Agent_Scripts.Agent_Analytics" name="tc5_Feedbacks" time="10.110"/>
  <system-out/>
  <testcase classname="Agent_Scripts.Agent_Analytics" name="tc3_Incoming_Video_calls" time="9.002"/>
  <system-out/>
</testsuite> <!-- Agent_Scripts.Agent_Analytics -->
