<?xml version="1.0" encoding="UTF-8"?>
<!-- Generated by org.testng.reporters.JUnitReportReporter -->
<testsuite hostname="DESKTOP-KD7B1SL" failures="0" tests="10" name="Agent_Scripts.Agent_Recent_Calls" time="104.035" errors="0" timestamp="2022-10-21T17:07:25 IST" skipped="0">
  <testcase classname="Agent_Scripts.Agent_Recent_Calls" name="tc10_List_Of_Calls" time="8.195"/>
  <system-out/>
  <testcase classname="Agent_Scripts.Agent_Recent_Calls" name="tc7_Filter_rejected" time="11.364"/>
  <system-out/>
  <testcase classname="Agent_Scripts.Agent_Recent_Calls" name="tc8_Filter_Cancel" time="11.187"/>
  <system-out/>
  <testcase classname="Agent_Scripts.Agent_Recent_Calls" name="tc9_Filter_Custom_date" time="10.982"/>
  <system-out/>
  <testcase classname="Agent_Scripts.Agent_Recent_Calls" name="tc5_Filter_rejected" time="11.959"/>
  <system-out/>
  <testcase classname="Agent_Scripts.Agent_Recent_Calls" name="tc2_Search_TextField" time="9.812"/>
  <system-out/>
  <testcase classname="Agent_Scripts.Agent_Recent_Calls" name="tc6_Filter_schedule" time="11.322"/>
  <system-out/>
  <testcase classname="Agent_Scripts.Agent_Recent_Calls" name="tc1_Recent_Calls_BTN" time="6.911"/>
  <system-out/>
  <testcase classname="Agent_Scripts.Agent_Recent_Calls" name="tc3_Filter_ALL" time="11.064"/>
  <system-out/>
  <testcase classname="Agent_Scripts.Agent_Recent_Calls" name="tc4_Filter_completed" time="11.239"/>
  <system-out/>
</testsuite> <!-- Agent_Scripts.Agent_Recent_Calls -->
